0 info it worked if it ends with ok
1 verbose cli [ 'node', '/Users/MCUser/.npm-packages/bin/npm', 'run', 'dev' ]
2 info using npm@2.10.1
3 info using node@v0.12.2
4 verbose node symlink /usr/local/bin/node
5 verbose run-script [ 'predev', 'dev', 'postdev' ]
6 info predev gameoflifevanilla@1.0.0
7 info dev gameoflifevanilla@1.0.0
8 verbose unsafe-perm in lifecycle true
9 info gameoflifevanilla@1.0.0 Failed to exec dev script
10 verbose stack Error: gameoflifevanilla@1.0.0 dev: `gulp dev`
10 verbose stack Exit status 1
10 verbose stack     at EventEmitter.<anonymous> (/Users/MCUser/.npm-packages/lib/node_modules/npm/lib/utils/lifecycle.js:213:16)
10 verbose stack     at EventEmitter.emit (events.js:110:17)
10 verbose stack     at ChildProcess.<anonymous> (/Users/MCUser/.npm-packages/lib/node_modules/npm/lib/utils/spawn.js:24:14)
10 verbose stack     at ChildProcess.emit (events.js:110:17)
10 verbose stack     at maybeClose (child_process.js:1015:16)
10 verbose stack     at Process.ChildProcess._handle.onexit (child_process.js:1087:5)
11 verbose pkgid gameoflifevanilla@1.0.0
12 verbose cwd /Users/MCUser/Desktop/gameoflifevanilla
13 error Darwin 14.5.0
14 error argv "node" "/Users/MCUser/.npm-packages/bin/npm" "run" "dev"
15 error node v0.12.2
16 error npm  v2.10.1
17 error code ELIFECYCLE
18 error gameoflifevanilla@1.0.0 dev: `gulp dev`
18 error Exit status 1
19 error Failed at the gameoflifevanilla@1.0.0 dev script 'gulp dev'.
19 error This is most likely a problem with the gameoflifevanilla package,
19 error not with npm itself.
19 error Tell the author that this fails on your system:
19 error     gulp dev
19 error You can get their info via:
19 error     npm owner ls gameoflifevanilla
19 error There is likely additional logging output above.
20 verbose exit [ 1, true ]
